生成启动时间为 2020/4/24 7:46:52。
     1>项目“C:\github上传代码\项目\高并发内存池\ConcurrentMemoryPool\ConcurrentMemoryPool\ConcurrentMemoryPool.vcxproj”在节点 2 上(Build 个目标)。
     1>ClCompile:
         E:\工具\VS2013\VC\bin\CL.exe /c /I"E:\工具\localboost_1_72_0\boost_1_72_0" /ZI /nologo /W3 /WX- /Od /Oy- /D WIN32 /D _DEBUG /D _CONSOLE /D _LIB /D _UNICODE /D UNICODE /Gm /EHsc /RTC1 /MDd /GS /fp:precise /Zc:wchar_t /Zc:forScope /Fo"Debug\\" /Fd"Debug\vc120.pdb" /Gd /TP /analyze- /errorReport:prompt BeachMark.cpp CentralCache.cpp PageCache.cpp ThreadCache.cpp unitill_test.cpp
         BeachMark.cpp
     1>c:\github上传代码\项目\高并发内存池\concurrentmemorypool\concurrentmemorypool\radix.hpp(55): warning C4554: “<<”: 检查运算符优先级可能存在的错误；使用圆括号阐明优先级
     1>c:\github上传代码\项目\高并发内存池\concurrentmemorypool\concurrentmemorypool\radix.hpp(136): warning C4554: “<<”: 检查运算符优先级可能存在的错误；使用圆括号阐明优先级
         正在生成代码...
         正在编译...
         unitill_test.cpp
     1>c:\github上传代码\项目\高并发内存池\concurrentmemorypool\concurrentmemorypool\radix.hpp(55): warning C4554: “<<”: 检查运算符优先级可能存在的错误；使用圆括号阐明优先级
     1>c:\github上传代码\项目\高并发内存池\concurrentmemorypool\concurrentmemorypool\radix.hpp(136): warning C4554: “<<”: 检查运算符优先级可能存在的错误；使用圆括号阐明优先级
         ThreadCache.cpp
         正在生成代码...
         正在跳过...(未检测到相关更改)
         PageCache.cpp
         CentralCache.cpp
       Link:
         E:\工具\VS2013\VC\bin\link.exe /ERRORREPORT:PROMPT /OUT:"C:\github上传代码\项目\高并发内存池\ConcurrentMemoryPool\ConcurrentMemoryPool\Debug\ConcurrentMemoryPool.exe" /INCREMENTAL /NOLOGO /LIBPATH:"E:\工具\localboost_1_72_0\boost_1_72_0\lib64-msvc-12.0" kernel32.lib user32.lib gdi32.lib winspool.lib comdlg32.lib advapi32.lib shell32.lib ole32.lib oleaut32.lib uuid.lib odbc32.lib odbccp32.lib /MANIFEST /MANIFESTUAC:"level='asInvoker' uiAccess='false'" /manifest:embed /DEBUG /PDB:"C:\github上传代码\项目\高并发内存池\ConcurrentMemoryPool\ConcurrentMemoryPool\Debug\ConcurrentMemoryPool.pdb" /SUBSYSTEM:CONSOLE /TLBID:1 /DYNAMICBASE /NXCOMPAT /IMPLIB:"C:\github上传代码\项目\高并发内存池\ConcurrentMemoryPool\ConcurrentMemoryPool\Debug\ConcurrentMemoryPool.lib" /MACHINE:X86 /PROFILE Debug\BeachMark.obj
         Debug\CentralCache.obj
         Debug\PageCache.obj
         Debug\unitill_test.obj
         Debug\ThreadCache.obj
     1>LINK : warning LNK4075: 忽略“/INCREMENTAL”(由于“/PROFILE”规范)
     1>BeachMark.obj : warning LNK4075: 忽略“/EDITANDCONTINUE”(由于“/OPT:LBR”规范)
         ConcurrentMemoryPool.vcxproj -> C:\github上传代码\项目\高并发内存池\ConcurrentMemoryPool\ConcurrentMemoryPool\Debug\ConcurrentMemoryPool.exe
     1>已完成生成项目“C:\github上传代码\项目\高并发内存池\ConcurrentMemoryPool\ConcurrentMemoryPool\ConcurrentMemoryPool.vcxproj”(Build 个目标)的操作。

生成成功。

已用时间 00:00:03.10
